<?xml version="1.0" encoding="UTF-8"?>
<!-- Generated by org.testng.reporters.JUnitXMLReporter -->
<testsuite hostname="Irynas-MacBook-Pro.local" ignored="0" name="Sub" tests="5" failures="0" timestamp="11 Aug 2019 06:56:15 GMT" time="0.002" errors="0">
  <testcase name="SubDoubleTest" time="0.0" classname="testng.SubDoubleTest"/>
  <testcase name="SubDoubleTest" time="0.0" classname="testng.SubDoubleTest"/>
  <testcase name="SubDoubleTest" time="0.0" classname="testng.SubDoubleTest"/>
  <testcase name="SubDoubleTest" time="0.0" classname="testng.SubDoubleTest"/>
  <testcase name="SubDoubleTest" time="0.001" classname="testng.SubDoubleTest"/>
</testsuite> <!-- Sub -->
