<?xml version="1.0" encoding="UTF-8"?>
<!-- Generated by org.testng.reporters.JUnitXMLReporter -->
<testsuite hostname="Irynas-MacBook-Pro.local" ignored="0" name="Sum" tests="6" failures="0" timestamp="11 Aug 2019 06:56:15 GMT" time="0.03" errors="0">
  <testcase name="SumDoubleTest" time="0.001" classname="testng.SumDoubleTest"/>
  <testcase name="SumDoubleTest" time="0.0" classname="testng.SumDoubleTest"/>
  <testcase name="SumDoubleTest" time="0.0" classname="testng.SumDoubleTest"/>
  <testcase name="SumDoubleTest" time="0.0" classname="testng.SumDoubleTest"/>
  <testcase name="SumDoubleTest" time="0.0" classname="testng.SumDoubleTest"/>
  <testcase name="SumDoubleTest" time="0.0" classname="testng.SumDoubleTest"/>
</testsuite> <!-- Sum -->
